<?xml version="1.0" encoding="UTF-8"?>
<testsuite xmlns:xsi="http://www.w3.org/2001/XMLSchema-instance" xsi:noNamespaceSchemaLocation="https://maven.apache.org/surefire/maven-surefire-plugin/xsd/surefire-test-report.xsd" name="TestSuite" time="32.2" tests="3" errors="0" skipped="2" failures="1">
  <properties>
    <property name="sun.desktop" value="windows"/>
    <property name="awt.toolkit" value="sun.awt.windows.WToolkit"/>
    <property name="file.encoding.pkg" value="sun.io"/>
    <property name="java.specification.version" value="1.8"/>
    <property name="sun.cpu.isalist" value="amd64"/>
    <property name="sun.jnu.encoding" value="Cp1252"/>
    <property name="java.class.path" value="C:\Users\sumeetsingh01\Desktop\Bench_Task\TestVagrant\target\test-classes;C:\Users\sumeetsingh01\Desktop\Bench_Task\TestVagrant\target\classes;C:\Users\sumeetsingh01\.m2\repository\org\seleniumhq\selenium\selenium-java\3.141.59\selenium-java-3.141.59.jar;C:\Users\sumeetsingh01\.m2\repository\org\seleniumhq\selenium\selenium-api\3.141.59\selenium-api-3.141.59.jar;C:\Users\sumeetsingh01\.m2\repository\org\seleniumhq\selenium\selenium-chrome-driver\3.141.59\selenium-chrome-driver-3.141.59.jar;C:\Users\sumeetsingh01\.m2\repository\org\seleniumhq\selenium\selenium-edge-driver\3.141.59\selenium-edge-driver-3.141.59.jar;C:\Users\sumeetsingh01\.m2\repository\org\seleniumhq\selenium\selenium-firefox-driver\3.141.59\selenium-firefox-driver-3.141.59.jar;C:\Users\sumeetsingh01\.m2\repository\org\seleniumhq\selenium\selenium-ie-driver\3.141.59\selenium-ie-driver-3.141.59.jar;C:\Users\sumeetsingh01\.m2\repository\org\seleniumhq\selenium\selenium-opera-driver\3.141.59\selenium-opera-driver-3.141.59.jar;C:\Users\sumeetsingh01\.m2\repository\org\seleniumhq\selenium\selenium-remote-driver\3.141.59\selenium-remote-driver-3.141.59.jar;C:\Users\sumeetsingh01\.m2\repository\org\seleniumhq\selenium\selenium-safari-driver\3.141.59\selenium-safari-driver-3.141.59.jar;C:\Users\sumeetsingh01\.m2\repository\org\seleniumhq\selenium\selenium-support\3.141.59\selenium-support-3.141.59.jar;C:\Users\sumeetsingh01\.m2\repository\net\bytebuddy\byte-buddy\1.8.15\byte-buddy-1.8.15.jar;C:\Users\sumeetsingh01\.m2\repository\org\apache\commons\commons-exec\1.3\commons-exec-1.3.jar;C:\Users\sumeetsingh01\.m2\repository\com\google\guava\guava\25.0-jre\guava-25.0-jre.jar;C:\Users\sumeetsingh01\.m2\repository\org\checkerframework\checker-compat-qual\2.0.0\checker-compat-qual-2.0.0.jar;C:\Users\sumeetsingh01\.m2\repository\com\google\errorprone\error_prone_annotations\2.1.3\error_prone_annotations-2.1.3.jar;C:\Users\sumeetsingh01\.m2\repository\com\google\j2objc\j2objc-annotations\1.1\j2objc-annotations-1.1.jar;C:\Users\sumeetsingh01\.m2\repository\org\codehaus\mojo\animal-sniffer-annotations\1.14\animal-sniffer-annotations-1.14.jar;C:\Users\sumeetsingh01\.m2\repository\com\squareup\okhttp3\okhttp\3.11.0\okhttp-3.11.0.jar;C:\Users\sumeetsingh01\.m2\repository\com\squareup\okio\okio\1.14.0\okio-1.14.0.jar;C:\Users\sumeetsingh01\.m2\repository\org\testng\testng\6.9.9\testng-6.9.9.jar;C:\Users\sumeetsingh01\.m2\repository\junit\junit\4.10\junit-4.10.jar;C:\Users\sumeetsingh01\.m2\repository\org\hamcrest\hamcrest-core\1.1\hamcrest-core-1.1.jar;C:\Users\sumeetsingh01\.m2\repository\com\beust\jcommander\1.48\jcommander-1.48.jar;C:\Users\sumeetsingh01\.m2\repository\org\apache\ant\ant\1.7.0\ant-1.7.0.jar;C:\Users\sumeetsingh01\.m2\repository\org\apache\ant\ant-launcher\1.7.0\ant-launcher-1.7.0.jar;C:\Users\sumeetsingh01\.m2\repository\org\yaml\snakeyaml\1.15\snakeyaml-1.15.jar;C:\Users\sumeetsingh01\.m2\repository\org\beanshell\bsh\2.0b4\bsh-2.0b4.jar;C:\Users\sumeetsingh01\.m2\repository\com\aventstack\extentreports\4.0.9\extentreports-4.0.9.jar;C:\Users\sumeetsingh01\.m2\repository\org\freemarker\freemarker\2.3.23\freemarker-2.3.23.jar;C:\Users\sumeetsingh01\.m2\repository\org\mongodb\mongodb-driver\3.3.0\mongodb-driver-3.3.0.jar;C:\Users\sumeetsingh01\.m2\repository\org\mongodb\mongodb-driver-core\3.3.0\mongodb-driver-core-3.3.0.jar;C:\Users\sumeetsingh01\.m2\repository\org\mongodb\bson\3.3.0\bson-3.3.0.jar;C:\Users\sumeetsingh01\.m2\repository\org\apache\httpcomponents\httpclient\4.5.2\httpclient-4.5.2.jar;C:\Users\sumeetsingh01\.m2\repository\org\apache\httpcomponents\httpcore\4.4.4\httpcore-4.4.4.jar;C:\Users\sumeetsingh01\.m2\repository\commons-logging\commons-logging\1.2\commons-logging-1.2.jar;C:\Users\sumeetsingh01\.m2\repository\commons-codec\commons-codec\1.9\commons-codec-1.9.jar;C:\Users\sumeetsingh01\.m2\repository\org\apache\httpcomponents\httpmime\4.5.2\httpmime-4.5.2.jar;C:\Users\sumeetsingh01\.m2\repository\log4j\log4j\1.2.17\log4j-1.2.17.jar;C:\Users\sumeetsingh01\.m2\repository\org\apache\poi\poi-ooxml\3.11-beta2\poi-ooxml-3.11-beta2.jar;C:\Users\sumeetsingh01\.m2\repository\org\apache\poi\poi\3.11-beta2\poi-3.11-beta2.jar;C:\Users\sumeetsingh01\.m2\repository\org\apache\poi\poi-ooxml-schemas\3.11-beta2\poi-ooxml-schemas-3.11-beta2.jar;C:\Users\sumeetsingh01\.m2\repository\org\apache\xmlbeans\xmlbeans\2.6.0\xmlbeans-2.6.0.jar;C:\Users\sumeetsingh01\.m2\repository\stax\stax-api\1.0.1\stax-api-1.0.1.jar;C:\Users\sumeetsingh01\.m2\repository\org\json\json\20160810\json-20160810.jar;C:\Users\sumeetsingh01\.m2\repository\io\rest-assured\rest-assured\4.2.0\rest-assured-4.2.0.jar;C:\Users\sumeetsingh01\.m2\repository\org\codehaus\groovy\groovy\2.5.8\groovy-2.5.8.jar;C:\Users\sumeetsingh01\.m2\repository\org\codehaus\groovy\groovy-xml\2.5.8\groovy-xml-2.5.8.jar;C:\Users\sumeetsingh01\.m2\repository\org\hamcrest\hamcrest\2.1\hamcrest-2.1.jar;C:\Users\sumeetsingh01\.m2\repository\org\ccil\cowan\tagsoup\tagsoup\1.2.1\tagsoup-1.2.1.jar;C:\Users\sumeetsingh01\.m2\repository\io\rest-assured\json-path\4.2.0\json-path-4.2.0.jar;C:\Users\sumeetsingh01\.m2\repository\org\codehaus\groovy\groovy-json\2.5.8\groovy-json-2.5.8.jar;C:\Users\sumeetsingh01\.m2\repository\io\rest-assured\rest-assured-common\4.2.0\rest-assured-common-4.2.0.jar;C:\Users\sumeetsingh01\.m2\repository\io\rest-assured\xml-path\4.2.0\xml-path-4.2.0.jar;C:\Users\sumeetsingh01\.m2\repository\org\apache\commons\commons-lang3\3.4\commons-lang3-3.4.jar;C:\Users\sumeetsingh01\.m2\repository\jakarta\xml\bind\jakarta.xml.bind-api\2.3.2\jakarta.xml.bind-api-2.3.2.jar;C:\Users\sumeetsingh01\.m2\repository\jakarta\activation\jakarta.activation-api\1.2.1\jakarta.activation-api-1.2.1.jar;C:\Users\sumeetsingh01\.m2\repository\com\sun\xml\bind\jaxb-osgi\2.3.0.1\jaxb-osgi-2.3.0.1.jar;C:\Users\sumeetsingh01\.m2\repository\org\apache\sling\org.apache.sling.javax.activation\0.1.0\org.apache.sling.javax.activation-0.1.0.jar;C:\Users\sumeetsingh01\.m2\repository\com\google\code\gson\gson\2.3.1\gson-2.3.1.jar;C:\Users\sumeetsingh01\.m2\repository\com\jayway\jsonpath\json-path\2.4.0\json-path-2.4.0.jar;C:\Users\sumeetsingh01\.m2\repository\net\minidev\json-smart\2.3\json-smart-2.3.jar;C:\Users\sumeetsingh01\.m2\repository\net\minidev\accessors-smart\1.2\accessors-smart-1.2.jar;C:\Users\sumeetsingh01\.m2\repository\org\ow2\asm\asm\5.0.4\asm-5.0.4.jar;C:\Users\sumeetsingh01\.m2\repository\org\slf4j\slf4j-api\1.7.25\slf4j-api-1.7.25.jar;C:\Users\sumeetsingh01\.m2\repository\com\github\fge\json-schema-validator\2.2.6\json-schema-validator-2.2.6.jar;C:\Users\sumeetsingh01\.m2\repository\com\google\code\findbugs\jsr305\3.0.0\jsr305-3.0.0.jar;C:\Users\sumeetsingh01\.m2\repository\joda-time\joda-time\2.3\joda-time-2.3.jar;C:\Users\sumeetsingh01\.m2\repository\com\googlecode\libphonenumber\libphonenumber\6.2\libphonenumber-6.2.jar;C:\Users\sumeetsingh01\.m2\repository\com\github\fge\json-schema-core\1.2.5\json-schema-core-1.2.5.jar;C:\Users\sumeetsingh01\.m2\repository\com\github\fge\uri-template\0.9\uri-template-0.9.jar;C:\Users\sumeetsingh01\.m2\repository\com\github\fge\msg-simple\1.1\msg-simple-1.1.jar;C:\Users\sumeetsingh01\.m2\repository\com\github\fge\btf\1.2\btf-1.2.jar;C:\Users\sumeetsingh01\.m2\repository\com\github\fge\jackson-coreutils\1.8\jackson-coreutils-1.8.jar;C:\Users\sumeetsingh01\.m2\repository\com\fasterxml\jackson\core\jackson-databind\2.2.3\jackson-databind-2.2.3.jar;C:\Users\sumeetsingh01\.m2\repository\com\fasterxml\jackson\core\jackson-annotations\2.2.3\jackson-annotations-2.2.3.jar;C:\Users\sumeetsingh01\.m2\repository\com\fasterxml\jackson\core\jackson-core\2.2.3\jackson-core-2.2.3.jar;C:\Users\sumeetsingh01\.m2\repository\org\mozilla\rhino\1.7R4\rhino-1.7R4.jar;C:\Users\sumeetsingh01\.m2\repository\javax\mail\mailapi\1.4.3\mailapi-1.4.3.jar;C:\Users\sumeetsingh01\.m2\repository\javax\activation\activation\1.1\activation-1.1.jar;C:\Users\sumeetsingh01\.m2\repository\net\sf\jopt-simple\jopt-simple\4.6\jopt-simple-4.6.jar;C:\Users\sumeetsingh01\.m2\repository\com\googlecode\json-simple\json-simple\1.1.1\json-simple-1.1.1.jar;C:\Users\sumeetsingh01\.m2\repository\org\apache\maven\surefire\surefire-testng-utils\2.22.0\surefire-testng-utils-2.22.0.jar;C:\Users\sumeetsingh01\.m2\repository\org\apache\maven\surefire\surefire-grouper\2.22.0\surefire-grouper-2.22.0.jar;"/>
    <property name="java.vm.vendor" value="Oracle Corporation"/>
    <property name="sun.arch.data.model" value="64"/>
    <property name="user.variant" value=""/>
    <property name="java.vendor.url" value="http://java.oracle.com/"/>
    <property name="user.timezone" value="Asia/Calcutta"/>
    <property name="java.vm.specification.version" value="1.8"/>
    <property name="os.name" value="Windows 10"/>
    <property name="user.country" value="IN"/>
    <property name="sun.java.launcher" value="SUN_STANDARD"/>
    <property name="sun.boot.library.path" value="C:\Program Files\Java\jdk1.8.0_191\jre\bin"/>
    <property name="sun.java.command" value="C:\Users\SUMEET~1\AppData\Local\Temp\surefire7407519353501089265\surefirebooter5049535862757732499.jar C:\Users\sumeetsingh01\AppData\Local\Temp\surefire7407519353501089265 2020-12-28T22-35-45_191-jvmRun1 surefire4389360074215264354tmp surefire_0598737658642617195tmp"/>
    <property name="surefire.test.class.path" value="C:\Users\sumeetsingh01\Desktop\Bench_Task\TestVagrant\target\test-classes;C:\Users\sumeetsingh01\Desktop\Bench_Task\TestVagrant\target\classes;C:\Users\sumeetsingh01\.m2\repository\org\seleniumhq\selenium\selenium-java\3.141.59\selenium-java-3.141.59.jar;C:\Users\sumeetsingh01\.m2\repository\org\seleniumhq\selenium\selenium-api\3.141.59\selenium-api-3.141.59.jar;C:\Users\sumeetsingh01\.m2\repository\org\seleniumhq\selenium\selenium-chrome-driver\3.141.59\selenium-chrome-driver-3.141.59.jar;C:\Users\sumeetsingh01\.m2\repository\org\seleniumhq\selenium\selenium-edge-driver\3.141.59\selenium-edge-driver-3.141.59.jar;C:\Users\sumeetsingh01\.m2\repository\org\seleniumhq\selenium\selenium-firefox-driver\3.141.59\selenium-firefox-driver-3.141.59.jar;C:\Users\sumeetsingh01\.m2\repository\org\seleniumhq\selenium\selenium-ie-driver\3.141.59\selenium-ie-driver-3.141.59.jar;C:\Users\sumeetsingh01\.m2\repository\org\seleniumhq\selenium\selenium-opera-driver\3.141.59\selenium-opera-driver-3.141.59.jar;C:\Users\sumeetsingh01\.m2\repository\org\seleniumhq\selenium\selenium-remote-driver\3.141.59\selenium-remote-driver-3.141.59.jar;C:\Users\sumeetsingh01\.m2\repository\org\seleniumhq\selenium\selenium-safari-driver\3.141.59\selenium-safari-driver-3.141.59.jar;C:\Users\sumeetsingh01\.m2\repository\org\seleniumhq\selenium\selenium-support\3.141.59\selenium-support-3.141.59.jar;C:\Users\sumeetsingh01\.m2\repository\net\bytebuddy\byte-buddy\1.8.15\byte-buddy-1.8.15.jar;C:\Users\sumeetsingh01\.m2\repository\org\apache\commons\commons-exec\1.3\commons-exec-1.3.jar;C:\Users\sumeetsingh01\.m2\repository\com\google\guava\guava\25.0-jre\guava-25.0-jre.jar;C:\Users\sumeetsingh01\.m2\repository\org\checkerframework\checker-compat-qual\2.0.0\checker-compat-qual-2.0.0.jar;C:\Users\sumeetsingh01\.m2\repository\com\google\errorprone\error_prone_annotations\2.1.3\error_prone_annotations-2.1.3.jar;C:\Users\sumeetsingh01\.m2\repository\com\google\j2objc\j2objc-annotations\1.1\j2objc-annotations-1.1.jar;C:\Users\sumeetsingh01\.m2\repository\org\codehaus\mojo\animal-sniffer-annotations\1.14\animal-sniffer-annotations-1.14.jar;C:\Users\sumeetsingh01\.m2\repository\com\squareup\okhttp3\okhttp\3.11.0\okhttp-3.11.0.jar;C:\Users\sumeetsingh01\.m2\repository\com\squareup\okio\okio\1.14.0\okio-1.14.0.jar;C:\Users\sumeetsingh01\.m2\repository\org\testng\testng\6.9.9\testng-6.9.9.jar;C:\Users\sumeetsingh01\.m2\repository\junit\junit\4.10\junit-4.10.jar;C:\Users\sumeetsingh01\.m2\repository\org\hamcrest\hamcrest-core\1.1\hamcrest-core-1.1.jar;C:\Users\sumeetsingh01\.m2\repository\com\beust\jcommander\1.48\jcommander-1.48.jar;C:\Users\sumeetsingh01\.m2\repository\org\apache\ant\ant\1.7.0\ant-1.7.0.jar;C:\Users\sumeetsingh01\.m2\repository\org\apache\ant\ant-launcher\1.7.0\ant-launcher-1.7.0.jar;C:\Users\sumeetsingh01\.m2\repository\org\yaml\snakeyaml\1.15\snakeyaml-1.15.jar;C:\Users\sumeetsingh01\.m2\repository\org\beanshell\bsh\2.0b4\bsh-2.0b4.jar;C:\Users\sumeetsingh01\.m2\repository\com\aventstack\extentreports\4.0.9\extentreports-4.0.9.jar;C:\Users\sumeetsingh01\.m2\repository\org\freemarker\freemarker\2.3.23\freemarker-2.3.23.jar;C:\Users\sumeetsingh01\.m2\repository\org\mongodb\mongodb-driver\3.3.0\mongodb-driver-3.3.0.jar;C:\Users\sumeetsingh01\.m2\repository\org\mongodb\mongodb-driver-core\3.3.0\mongodb-driver-core-3.3.0.jar;C:\Users\sumeetsingh01\.m2\repository\org\mongodb\bson\3.3.0\bson-3.3.0.jar;C:\Users\sumeetsingh01\.m2\repository\org\apache\httpcomponents\httpclient\4.5.2\httpclient-4.5.2.jar;C:\Users\sumeetsingh01\.m2\repository\org\apache\httpcomponents\httpcore\4.4.4\httpcore-4.4.4.jar;C:\Users\sumeetsingh01\.m2\repository\commons-logging\commons-logging\1.2\commons-logging-1.2.jar;C:\Users\sumeetsingh01\.m2\repository\commons-codec\commons-codec\1.9\commons-codec-1.9.jar;C:\Users\sumeetsingh01\.m2\repository\org\apache\httpcomponents\httpmime\4.5.2\httpmime-4.5.2.jar;C:\Users\sumeetsingh01\.m2\repository\log4j\log4j\1.2.17\log4j-1.2.17.jar;C:\Users\sumeetsingh01\.m2\repository\org\apache\poi\poi-ooxml\3.11-beta2\poi-ooxml-3.11-beta2.jar;C:\Users\sumeetsingh01\.m2\repository\org\apache\poi\poi\3.11-beta2\poi-3.11-beta2.jar;C:\Users\sumeetsingh01\.m2\repository\org\apache\poi\poi-ooxml-schemas\3.11-beta2\poi-ooxml-schemas-3.11-beta2.jar;C:\Users\sumeetsingh01\.m2\repository\org\apache\xmlbeans\xmlbeans\2.6.0\xmlbeans-2.6.0.jar;C:\Users\sumeetsingh01\.m2\repository\stax\stax-api\1.0.1\stax-api-1.0.1.jar;C:\Users\sumeetsingh01\.m2\repository\org\json\json\20160810\json-20160810.jar;C:\Users\sumeetsingh01\.m2\repository\io\rest-assured\rest-assured\4.2.0\rest-assured-4.2.0.jar;C:\Users\sumeetsingh01\.m2\repository\org\codehaus\groovy\groovy\2.5.8\groovy-2.5.8.jar;C:\Users\sumeetsingh01\.m2\repository\org\codehaus\groovy\groovy-xml\2.5.8\groovy-xml-2.5.8.jar;C:\Users\sumeetsingh01\.m2\repository\org\hamcrest\hamcrest\2.1\hamcrest-2.1.jar;C:\Users\sumeetsingh01\.m2\repository\org\ccil\cowan\tagsoup\tagsoup\1.2.1\tagsoup-1.2.1.jar;C:\Users\sumeetsingh01\.m2\repository\io\rest-assured\json-path\4.2.0\json-path-4.2.0.jar;C:\Users\sumeetsingh01\.m2\repository\org\codehaus\groovy\groovy-json\2.5.8\groovy-json-2.5.8.jar;C:\Users\sumeetsingh01\.m2\repository\io\rest-assured\rest-assured-common\4.2.0\rest-assured-common-4.2.0.jar;C:\Users\sumeetsingh01\.m2\repository\io\rest-assured\xml-path\4.2.0\xml-path-4.2.0.jar;C:\Users\sumeetsingh01\.m2\repository\org\apache\commons\commons-lang3\3.4\commons-lang3-3.4.jar;C:\Users\sumeetsingh01\.m2\repository\jakarta\xml\bind\jakarta.xml.bind-api\2.3.2\jakarta.xml.bind-api-2.3.2.jar;C:\Users\sumeetsingh01\.m2\repository\jakarta\activation\jakarta.activation-api\1.2.1\jakarta.activation-api-1.2.1.jar;C:\Users\sumeetsingh01\.m2\repository\com\sun\xml\bind\jaxb-osgi\2.3.0.1\jaxb-osgi-2.3.0.1.jar;C:\Users\sumeetsingh01\.m2\repository\org\apache\sling\org.apache.sling.javax.activation\0.1.0\org.apache.sling.javax.activation-0.1.0.jar;C:\Users\sumeetsingh01\.m2\repository\com\google\code\gson\gson\2.3.1\gson-2.3.1.jar;C:\Users\sumeetsingh01\.m2\repository\com\jayway\jsonpath\json-path\2.4.0\json-path-2.4.0.jar;C:\Users\sumeetsingh01\.m2\repository\net\minidev\json-smart\2.3\json-smart-2.3.jar;C:\Users\sumeetsingh01\.m2\repository\net\minidev\accessors-smart\1.2\accessors-smart-1.2.jar;C:\Users\sumeetsingh01\.m2\repository\org\ow2\asm\asm\5.0.4\asm-5.0.4.jar;C:\Users\sumeetsingh01\.m2\repository\org\slf4j\slf4j-api\1.7.25\slf4j-api-1.7.25.jar;C:\Users\sumeetsingh01\.m2\repository\com\github\fge\json-schema-validator\2.2.6\json-schema-validator-2.2.6.jar;C:\Users\sumeetsingh01\.m2\repository\com\google\code\findbugs\jsr305\3.0.0\jsr305-3.0.0.jar;C:\Users\sumeetsingh01\.m2\repository\joda-time\joda-time\2.3\joda-time-2.3.jar;C:\Users\sumeetsingh01\.m2\repository\com\googlecode\libphonenumber\libphonenumber\6.2\libphonenumber-6.2.jar;C:\Users\sumeetsingh01\.m2\repository\com\github\fge\json-schema-core\1.2.5\json-schema-core-1.2.5.jar;C:\Users\sumeetsingh01\.m2\repository\com\github\fge\uri-template\0.9\uri-template-0.9.jar;C:\Users\sumeetsingh01\.m2\repository\com\github\fge\msg-simple\1.1\msg-simple-1.1.jar;C:\Users\sumeetsingh01\.m2\repository\com\github\fge\btf\1.2\btf-1.2.jar;C:\Users\sumeetsingh01\.m2\repository\com\github\fge\jackson-coreutils\1.8\jackson-coreutils-1.8.jar;C:\Users\sumeetsingh01\.m2\repository\com\fasterxml\jackson\core\jackson-databind\2.2.3\jackson-databind-2.2.3.jar;C:\Users\sumeetsingh01\.m2\repository\com\fasterxml\jackson\core\jackson-annotations\2.2.3\jackson-annotations-2.2.3.jar;C:\Users\sumeetsingh01\.m2\repository\com\fasterxml\jackson\core\jackson-core\2.2.3\jackson-core-2.2.3.jar;C:\Users\sumeetsingh01\.m2\repository\org\mozilla\rhino\1.7R4\rhino-1.7R4.jar;C:\Users\sumeetsingh01\.m2\repository\javax\mail\mailapi\1.4.3\mailapi-1.4.3.jar;C:\Users\sumeetsingh01\.m2\repository\javax\activation\activation\1.1\activation-1.1.jar;C:\Users\sumeetsingh01\.m2\repository\net\sf\jopt-simple\jopt-simple\4.6\jopt-simple-4.6.jar;C:\Users\sumeetsingh01\.m2\repository\com\googlecode\json-simple\json-simple\1.1.1\json-simple-1.1.1.jar;C:\Users\sumeetsingh01\.m2\repository\org\apache\maven\surefire\surefire-testng-utils\2.22.0\surefire-testng-utils-2.22.0.jar;C:\Users\sumeetsingh01\.m2\repository\org\apache\maven\surefire\surefire-grouper\2.22.0\surefire-grouper-2.22.0.jar;"/>
    <property name="sun.cpu.endian" value="little"/>
    <property name="user.home" value="C:\Users\sumeetsingh01"/>
    <property name="user.language" value="en"/>
    <property name="java.specification.vendor" value="Oracle Corporation"/>
    <property name="java.home" value="C:\Program Files\Java\jdk1.8.0_191\jre"/>
    <property name="basedir" value="C:\Users\sumeetsingh01\Desktop\Bench_Task\TestVagrant"/>
    <property name="file.separator" value="\"/>
    <property name="line.separator" value="&#10;"/>
    <property name="java.vm.specification.vendor" value="Oracle Corporation"/>
    <property name="java.specification.name" value="Java Platform API Specification"/>
    <property name="java.awt.graphicsenv" value="sun.awt.Win32GraphicsEnvironment"/>
    <property name="surefire.real.class.path" value="C:\Users\SUMEET~1\AppData\Local\Temp\surefire7407519353501089265\surefirebooter5049535862757732499.jar"/>
    <property name="sun.boot.class.path" value="C:\Program Files\Java\jdk1.8.0_191\jre\lib\resources.jar;C:\Program Files\Java\jdk1.8.0_191\jre\lib\rt.jar;C:\Program Files\Java\jdk1.8.0_191\jre\lib\sunrsasign.jar;C:\Program Files\Java\jdk1.8.0_191\jre\lib\jsse.jar;C:\Program Files\Java\jdk1.8.0_191\jre\lib\jce.jar;C:\Program Files\Java\jdk1.8.0_191\jre\lib\charsets.jar;C:\Program Files\Java\jdk1.8.0_191\jre\lib\jfr.jar;C:\Program Files\Java\jdk1.8.0_191\jre\classes"/>
    <property name="user.script" value=""/>
    <property name="sun.management.compiler" value="HotSpot 64-Bit Tiered Compilers"/>
    <property name="java.runtime.version" value="1.8.0_191-b12"/>
    <property name="user.name" value="sumeetsingh01"/>
    <property name="path.separator" value=";"/>
    <property name="os.version" value="10.0"/>
    <property name="java.endorsed.dirs" value="C:\Program Files\Java\jdk1.8.0_191\jre\lib\endorsed"/>
    <property name="java.runtime.name" value="Java(TM) SE Runtime Environment"/>
    <property name="file.encoding" value="Cp1252"/>
    <property name="java.vm.name" value="Java HotSpot(TM) 64-Bit Server VM"/>
    <property name="localRepository" value="C:\Users\sumeetsingh01\.m2\repository"/>
    <property name="java.vendor.url.bug" value="http://bugreport.sun.com/bugreport/"/>
    <property name="java.io.tmpdir" value="C:\Users\SUMEET~1\AppData\Local\Temp\"/>
    <property name="java.version" value="1.8.0_191"/>
    <property name="user.dir" value="C:\Users\sumeetsingh01\Desktop\Bench_Task\TestVagrant"/>
    <property name="os.arch" value="amd64"/>
    <property name="java.vm.specification.name" value="Java Virtual Machine Specification"/>
    <property name="java.awt.printerjob" value="sun.awt.windows.WPrinterJob"/>
    <property name="sun.os.patch.level" value=""/>
    <property name="java.library.path" value="C:\Program Files\Java\jdk1.8.0_191\jre\bin;C:\WINDOWS\Sun\Java\bin;C:\WINDOWS\system32;C:\WINDOWS;C:/Program Files/Java/jre1.8.0_191/bin/server;C:/Program Files/Java/jre1.8.0_191/bin;C:/Program Files/Java/jre1.8.0_191/lib/amd64;C:\Program Files (x86)\Common Files\Oracle\Java\javapath;C:\Program Files (x86)\Intel\Intel(R) Management Engine Components\iCLS\;C:\Program Files\Intel\Intel(R) Management Engine Components\iCLS\;C:\WINDOWS\system32;C:\WINDOWS;C:\WINDOWS\System32\Wbem;C:\WINDOWS\System32\WindowsPowerShell\v1.0\;C:\WINDOWS\System32\OpenSSH\;C:\Program Files (x86)\Intel\Intel(R) Management Engine Components\DAL;C:\Program Files\Intel\Intel(R) Management Engine Components\DAL;C:\Program Files\TortoiseSVN\bin;C:\apache-maven-3.3.9\bin;C:\Program Files\PuTTY\;C:\Program Files\Intel\WiFi\bin\;C:\Program Files\Common Files\Intel\WirelessCommon\;C:\Program Files\Git\cmd;C:\Program Files\nodejs\;C:\Program Files\dotnet\;C:\Program Files\Microsoft SQL Server\130\Tools\Binn\;C:\Program Files\MySQL\MySQL Utilities 1.6\;&quot;C:\Users\sumeetsingh01\AppData\Local\Programs\Python\Python37\Scripts\;C:\apache-maven-3.3.9\bin;&quot;;C:\Users\sumeetsingh01\AppData\Local\Programs\Python\Python37\;C:\Users\sumeetsingh01\AppData\Local\Microsoft\WindowsApps;C:\Program Files\Java\jdk1.8.0_191;C:\Users\sumeetsingh01\Downloads\APPIUM\android-sdk-windows\platform-tools;C:\Users\sumeetsingh01\Downloads\APPIUM\android-sdk-windows\tools;C:\Users\sumeetsingh01\Downloads\APPIUM\android-sdk-windows;C:\Users\sumeetsingh01\AppData\Local\Android\Sdk\platform-tools;C:\Users\sumeetsingh01\AppData\Local\Android\Sdk\emulator;C:\Users\sumeetsingh01\AppData\Local\Android\Sdk\tools;C:\Users\sumeetsingh01\AppData\Local\Android\Sdk\build-tools;C:\Users\sumeetsingh01\AppData\Local\Android\Sdk\build-tools\bin;C:\Users\sumeetsingh01\AppData\Local\Android\Sdk\tools\bin;;C:\Users\sumeetsingh01\Downloads\eclipse-jee-neon-3-win32-x86_64\eclipse;;."/>
    <property name="java.vm.info" value="mixed mode"/>
    <property name="java.vendor" value="Oracle Corporation"/>
    <property name="java.vm.version" value="25.191-b12"/>
    <property name="java.ext.dirs" value="C:\Program Files\Java\jdk1.8.0_191\jre\lib\ext;C:\WINDOWS\Sun\Java\lib\ext"/>
    <property name="sun.io.unicode.encoding" value="UnicodeLittle"/>
    <property name="java.class.version" value="52.0"/>
  </properties>
  <testcase name="initialize" classname="com.testvagrant.testcases.NdtvTest" time="30.955">
    <failure message="timeout: Timed out receiving message from renderer: 19.841&#10;  (Session info: chrome=87.0.4280.88)&#10;Build info: version: &apos;3.141.59&apos;, revision: &apos;e82be7d358&apos;, time: &apos;2018-11-14T08:17:03&apos;&#10;System info: host: &apos;SUMEET3150782&apos;, ip: &apos;10.255.249.131&apos;, os.name: &apos;Windows 10&apos;, os.arch: &apos;amd64&apos;, os.version: &apos;10.0&apos;, java.version: &apos;1.8.0_191&apos;&#10;Driver info: org.openqa.selenium.chrome.ChromeDriver&#10;Capabilities {acceptInsecureCerts: false, browserName: chrome, browserVersion: 87.0.4280.88, chrome: {chromedriverVersion: 87.0.4280.88 (89e2380a3e36c..., userDataDir: C:\Users\SUMEET~1\AppData\L...}, goog:chromeOptions: {debuggerAddress: localhost:49812}, javascriptEnabled: true, networkConnectionEnabled: false, pageLoadStrategy: normal, platform: WINDOWS, platformName: WINDOWS, proxy: Proxy(), setWindowRect: true, strictFileInteractability: false, timeouts: {implicit: 0, pageLoad: 300000, script: 30000}, unhandledPromptBehavior: dismiss and notify, webauthn:virtualAuthenticators: true}&#10;Session ID: 1de532bb7145ce015e0855385e4450f2" type="org.openqa.selenium.TimeoutException">org.openqa.selenium.TimeoutException: 
timeout: Timed out receiving message from renderer: 19.841
  (Session info: chrome=87.0.4280.88)
Build info: version: '3.141.59', revision: 'e82be7d358', time: '2018-11-14T08:17:03'
System info: host: 'SUMEET3150782', ip: '10.255.249.131', os.name: 'Windows 10', os.arch: 'amd64', os.version: '10.0', java.version: '1.8.0_191'
Driver info: org.openqa.selenium.chrome.ChromeDriver
Capabilities {acceptInsecureCerts: false, browserName: chrome, browserVersion: 87.0.4280.88, chrome: {chromedriverVersion: 87.0.4280.88 (89e2380a3e36c..., userDataDir: C:\Users\SUMEET~1\AppData\L...}, goog:chromeOptions: {debuggerAddress: localhost:49812}, javascriptEnabled: true, networkConnectionEnabled: false, pageLoadStrategy: normal, platform: WINDOWS, platformName: WINDOWS, proxy: Proxy(), setWindowRect: true, strictFileInteractability: false, timeouts: {implicit: 0, pageLoad: 300000, script: 30000}, unhandledPromptBehavior: dismiss and notify, webauthn:virtualAuthenticators: true}
Session ID: 1de532bb7145ce015e0855385e4450f2
</failure>
    <system-out><![CDATA[C:\Users\sumeetsingh01\Desktop\Bench_Task\TestVagrant\src\test\java\com\testvagrant\resources\testData\verifyCityTemperature.xlsx
 INFO [main] (ReportLogger.java:94)- Opening browser chrome...
]]></system-out>
    <system-err><![CDATA[Starting ChromeDriver 87.0.4280.88 (89e2380a3e36c3464b5dd1302349b1382549290d-refs/branch-heads/4280@{#1761}) on port 6557
Only local connections are allowed.
Please see https://chromedriver.chromium.org/security-considerations for suggestions on keeping ChromeDriver safe.
ChromeDriver was started successfully.
Dec 28, 2020 10:35:52 PM org.openqa.selenium.remote.ProtocolHandshake createSession
INFO: Detected dialect: W3C
[1609175177.283][SEVERE]: Timed out receiving message from renderer: 19.841
[1609175177.293][SEVERE]: Timed out receiving message from renderer: 19.841
]]></system-err>
  </testcase>
  <testcase name="beforeTest" classname="com.testvagrant.testcases.NdtvTest" time="0">
    <skipped/>
  </testcase>
  <testcase name="verifyCityTemperature" classname="com.testvagrant.testcases.NdtvTest" time="0">
    <skipped/>
  </testcase>
</testsuite>